
Xvnc TigerVNC 1.8.0 - built May 16 2017 14:01:59
Copyright (C) 1999-2017 TigerVNC Team and many others (see README.txt)
See http://www.tigervnc.org for information on TigerVNC.
Underlying X server release 11400000, The X.Org Foundation

Initializing built-in extension VNC-EXTENSION
Initializing built-in extension Generic Event Extension
Initializing built-in extension SHAPE
Initializing built-in extension MIT-SHM
Initializing built-in extension XInputExtension
Initializing built-in extension XTEST
Initializing built-in extension BIG-REQUESTS
Initializing built-in extension SYNC
Initializing built-in extension XKEYBOARD
Initializing built-in extension XC-MISC
Initializing built-in extension XINERAMA
Initializing built-in extension XFIXES
Initializing built-in extension RENDER
Initializing built-in extension RANDR
Initializing built-in extension COMPOSITE
Initializing built-in extension DAMAGE
Initializing built-in extension MIT-SCREEN-SAVER
Initializing built-in extension DOUBLE-BUFFER
Initializing built-in extension RECORD
Initializing built-in extension DPMS
Initializing built-in extension X-Resource
Initializing built-in extension XVideo
Initializing built-in extension XVideo-MotionCompensation
Initializing built-in extension GLX

Mon Jan 13 09:17:24 2020
 vncext:      VNC extension running!
 vncext:      Listening for VNC connections on all interface(s), port 5902
 vncext:      created VNC server for screen 0
/usr/bin/startxfce4: X server already running on display :2
Cannot get client list properties. 
(_NET_CLIENT_LIST or _WIN_CLIENT_LIST)
gpg-agent[9252]: WARNING: "--write-env-file" is an obsolete option - it has no effect
gpg-agent[9252]: directory '/home/ccc_v1_w_Mzc4M_94448/asn114069_2/asn114070_1/work/.gnupg' created
gpg-agent[9252]: directory '/home/ccc_v1_w_Mzc4M_94448/asn114069_2/asn114070_1/work/.gnupg/private-keys-v1.d' created
gpg-agent[9253]: gpg-agent (GnuPG) 2.1.11 started

(xfce4-session:9239): xfce4-session-WARNING **: gpg-agent returned no PID in the variables

(xfce4-session:9239): xfce4-session-WARNING **: xfsm_manager_load_session: Something wrong with /home/ccc_v1_w_Mzc4M_94448/asn114069_2/asn114070_1/work/.cache/sessions/xfce4-session-ip-172-31-20-224:2, Does it exist? Permissions issue?

(xfsettingsd:9272): xfsettingsd-WARNING **: Failed to get the _NET_NUMBER_OF_DESKTOPS property.

(xfwm4:9255): xfwm4-WARNING **: Error opening /dev/dri/card0: No such file or directory

Mon Jan 13 09:17:33 2020
 Connections: accepted: 172.31.20.224::37610
 SConnection: Client needs protocol version 3.8
 SConnection: Client requests security type None(1)
 VNCSConnST:  Server default pixel format depth 24 (32bpp) little-endian rgb888
 VNCSConnST:  Client pixel format depth 24 (32bpp) little-endian rgb888
 ComparingUpdateTracker: 0 pixels in / 0 pixels out
 ComparingUpdateTracker: (1:-nan ratio)
org.eclipse.m2e.logback.configuration: The org.eclipse.m2e.logback.configuration bundle was activated before the state location was initialized.  Will retry after the state location is initialized.
org.eclipse.m2e.logback.configuration: Logback config file: /home/ccc_v1_w_Mzc4M_94448/asn114069_2/asn114070_1/work/workspace/.metadata/.plugins/org.eclipse.m2e.logback.configuration/logback.1.9.1.20180912-1601.xml
SLF4J: Class path contains multiple SLF4J bindings.
SLF4J: Found binding in [bundleresource://510.fwk1843368112:1/org/slf4j/impl/StaticLoggerBinder.class]
SLF4J: Found binding in [bundleresource://510.fwk1843368112:2/org/slf4j/impl/StaticLoggerBinder.class]
SLF4J: See http://www.slf4j.org/codes.html#multiple_bindings for an explanation.
SLF4J: Actual binding is of type [ch.qos.logback.classic.util.ContextSelectorStaticBinder]
org.eclipse.m2e.logback.configuration: Initializing logback
log4j:WARN No appenders could be found for logger (org.apache.http.client.protocol.RequestAddCookies).
log4j:WARN Please initialize the log4j system properly.

Mon Jan 13 09:18:02 2020
 Connections: closed: 172.31.20.224::37610 (Clean disconnection)
 EncodeManager: Framebuffer updates: 19
 EncodeManager:   Tight:
 EncodeManager:     Solid: 127 rects, 2.99796 Mpixels
 EncodeManager:            1.98438 KiB (1:5902.24 ratio)
 EncodeManager:     Bitmap RLE: 4 rects, 2.091 kpixels
 EncodeManager:                 133 B (1:63.2481 ratio)
 EncodeManager:     Indexed RLE: 96 rects, 245.866 kpixels
 EncodeManager:                  25.6797 KiB (1:37.4436 ratio)
 EncodeManager:   Tight (JPEG):
 EncodeManager:     Full Colour: 71 rects, 558.023 kpixels
 EncodeManager:                  170.749 KiB (1:12.7708 ratio)
 EncodeManager:   Total: 298 rects, 3.80394 Mpixels
 EncodeManager:          198.543 KiB (1:74.8584 ratio)
 ComparingUpdateTracker: 40.3394 Mpixels in / 1.44998 Mpixels out
 ComparingUpdateTracker: (1:27.8206 ratio)
xfce4-session: Fatal IO error 11 (Resource temporarily unavailable) on X server :2.
xfwm4: Fatal IO error 11 (Resource temporarily unavailable) on X server :2.0.
xfsettingsd: Fatal IO error 11 (Resource temporarily unavailable) on X server :2.0.
xfdesktop: Fatal IO error 11 (Resource temporarily unavailable) on X server :2.0.
wrapper-1.0: Fatal IO error 11 (Resource temporarily unavailable) on X server :2.0.
wrapper-1.0: Fatal IO error 11 (Resource temporarily unavailable) on X server :2.0.

(eclipse:9224): Gdk-WARNING **: eclipse: Fatal IO error 2 (No such file or directory) on X server :2.

gpg-agent[9253]: SIGTERM received - shutting down ...
gpg-agent[9253]: gpg-agent (GnuPG) 2.1.11 stopped
